<?xml version="1.0" encoding="UTF-8"?>
<!-- Generated by org.testng.reporters.JUnitReportReporter -->
<testsuite hostname="DESKTOP-OBFIGL6" failures="0" tests="1" name="com.qa.testLayer.TestCases" time="92.796" errors="0" timestamp="2022-08-06T22:57:13 IST" skipped="0">
  <testcase classname="com.qa.testLayer.TestCases" name="verifyLocation" time="92.796"/>
  <system-out/>
</testsuite> <!-- com.qa.testLayer.TestCases -->
