<?xml version="1.0" encoding="UTF-8"?>
<!-- Generated by org.testng.reporters.JUnitReportReporter -->
<testsuite hostname="Yash" failures="0" tests="1" name="com.qa.testLayer.LoginPageTest" time="11.014" errors="0" timestamp="2022-05-21T15:24:12 IST" skipped="0">
  <testcase classname="com.qa.testLayer.LoginPageTest" name="verifyFirstcred" time="11.014"/>
  <system-out/>
</testsuite> <!-- com.qa.testLayer.LoginPageTest -->
